<?xml version="1.0" encoding="UTF-8"?>
<testng-results ignored="0" total="14" passed="13" failed="1" skipped="0">
  <reporter-output>
  </reporter-output>
  <suite started-at="2025-09-08T08:45:01 IST" name="SauceDemo Suite" finished-at="2025-09-08T08:45:58 IST" duration-ms="57347">
    <groups>
    </groups>
    <test started-at="2025-09-08T08:45:01 IST" name="SauceDemo Tests" finished-at="2025-09-08T08:45:58 IST" duration-ms="57347">
      <class name="testcases.CartTest">
        <test-method is-config="true" signature="setup()[pri:0, instance:testcases.CartTest@31190526]" started-at="2025-09-08T08:45:50 IST" name="setup" finished-at="2025-09-08T08:45:52 IST" duration-ms="2298" status="PASS">
          <reporter-output>
          </reporter-output>
        </test-method> <!-- setup -->
        <test-method signature="testAddMultipleItems()[pri:0, instance:testcases.CartTest@31190526]" started-at="2025-09-08T08:45:52 IST" name="testAddMultipleItems" finished-at="2025-09-08T08:45:53 IST" duration-ms="511" status="PASS">
          <reporter-output>
          </reporter-output>
        </test-method> <!-- testAddMultipleItems -->
        <test-method is-config="true" signature="tearDown()[pri:0, instance:testcases.CartTest@31190526]" started-at="2025-09-08T08:45:53 IST" name="tearDown" finished-at="2025-09-08T08:45:53 IST" duration-ms="234" status="PASS">
          <reporter-output>
          </reporter-output>
        </test-method> <!-- tearDown -->
        <test-method is-config="true" signature="setup()[pri:0, instance:testcases.CartTest@31190526]" started-at="2025-09-08T08:45:53 IST" name="setup" finished-at="2025-09-08T08:45:55 IST" duration-ms="2122" status="PASS">
          <reporter-output>
          </reporter-output>
        </test-method> <!-- setup -->
        <test-method signature="testAddSingleItem()[pri:0, instance:testcases.CartTest@31190526]" started-at="2025-09-08T08:45:55 IST" name="testAddSingleItem" finished-at="2025-09-08T08:45:55 IST" duration-ms="298" status="PASS">
          <reporter-output>
          </reporter-output>
        </test-method> <!-- testAddSingleItem -->
        <test-method is-config="true" signature="tearDown()[pri:0, instance:testcases.CartTest@31190526]" started-at="2025-09-08T08:45:55 IST" name="tearDown" finished-at="2025-09-08T08:45:55 IST" duration-ms="229" status="PASS">
          <reporter-output>
          </reporter-output>
        </test-method> <!-- tearDown -->
        <test-method is-config="true" signature="setup()[pri:0, instance:testcases.CartTest@31190526]" started-at="2025-09-08T08:45:55 IST" name="setup" finished-at="2025-09-08T08:45:57 IST" duration-ms="2068" status="PASS">
          <reporter-output>
          </reporter-output>
        </test-method> <!-- setup -->
        <test-method signature="testRemoveSingleItem()[pri:0, instance:testcases.CartTest@31190526]" started-at="2025-09-08T08:45:57 IST" name="testRemoveSingleItem" finished-at="2025-09-08T08:45:58 IST" duration-ms="307" status="FAIL">
          <exception class="java.lang.AssertionError">
            <message>
              <![CDATA[expected [false] but found [true]]]>
            </message>
            <full-stacktrace>
              <![CDATA[java.lang.AssertionError: expected [false] but found [true]
at org.testng.Assert.fail(Assert.java:111)
at org.testng.Assert.failNotEquals(Assert.java:1578)
at org.testng.Assert.assertFalse(Assert.java:79)
at org.testng.Assert.assertFalse(Assert.java:89)
at testcases.CartTest.testRemoveSingleItem(CartTest.java:47)
at java.base/jdk.internal.reflect.DirectMethodHandleAccessor.invoke(DirectMethodHandleAccessor.java:103)
at java.base/java.lang.reflect.Method.invoke(Method.java:580)
at org.testng.internal.invokers.MethodInvocationHelper.invokeMethod(MethodInvocationHelper.java:141)
at org.testng.internal.invokers.TestInvoker.invokeMethod(TestInvoker.java:686)
at org.testng.internal.invokers.TestInvoker.invokeTestMethod(TestInvoker.java:230)
at org.testng.internal.invokers.MethodRunner.runInSequence(MethodRunner.java:63)
at org.testng.internal.invokers.TestInvoker$MethodInvocationAgent.invoke(TestInvoker.java:992)
at org.testng.internal.invokers.TestInvoker.invokeTestMethods(TestInvoker.java:203)
at org.testng.internal.invokers.TestMethodWorker.invokeTestMethods(TestMethodWorker.java:154)
at org.testng.internal.invokers.TestMethodWorker.run(TestMethodWorker.java:134)
at java.base/java.util.ArrayList.forEach(ArrayList.java:1596)
at org.testng.TestRunner.privateRun(TestRunner.java:739)
at org.testng.TestRunner.run(TestRunner.java:614)
at org.testng.SuiteRunner.runTest(SuiteRunner.java:421)
at org.testng.SuiteRunner.runSequentially(SuiteRunner.java:413)
at org.testng.SuiteRunner.privateRun(SuiteRunner.java:373)
at org.testng.SuiteRunner.run(SuiteRunner.java:312)
at org.testng.SuiteRunnerWorker.runSuite(SuiteRunnerWorker.java:52)
at org.testng.SuiteRunnerWorker.run(SuiteRunnerWorker.java:95)
at org.testng.TestNG.runSuitesSequentially(TestNG.java:1274)
at org.testng.TestNG.runSuitesLocally(TestNG.java:1208)
at org.testng.TestNG.runSuites(TestNG.java:1112)
at org.testng.TestNG.run(TestNG.java:1079)
at org.testng.remote.AbstractRemoteTestNG.run(AbstractRemoteTestNG.java:115)
at org.testng.remote.RemoteTestNG.initAndRun(RemoteTestNG.java:293)
at org.testng.remote.RemoteTestNG.main(RemoteTestNG.java:91)
]]>
            </full-stacktrace>
          </exception> <!-- java.lang.AssertionError -->
          <reporter-output>
          </reporter-output>
        </test-method> <!-- testRemoveSingleItem -->
        <test-method is-config="true" signature="tearDown()[pri:0, instance:testcases.CartTest@31190526]" started-at="2025-09-08T08:45:58 IST" name="tearDown" finished-at="2025-09-08T08:45:58 IST" duration-ms="227" status="PASS">
          <reporter-output>
          </reporter-output>
        </test-method> <!-- tearDown -->
      </class> <!-- testcases.CartTest -->
      <class name="testcases.DriverFactoryTest">
        <test-method is-config="true" signature="setup()[pri:0, instance:testcases.DriverFactoryTest@33d512c1]" started-at="2025-09-08T08:45:01 IST" name="setup" finished-at="2025-09-08T08:45:14 IST" duration-ms="13560" status="PASS">
          <reporter-output>
          </reporter-output>
        </test-method> <!-- setup -->
        <test-method signature="openSauceDemo()[pri:0, instance:testcases.DriverFactoryTest@33d512c1]" started-at="2025-09-08T08:45:14 IST" name="openSauceDemo" finished-at="2025-09-08T08:45:14 IST" duration-ms="27" status="PASS">
          <reporter-output>
          </reporter-output>
        </test-method> <!-- openSauceDemo -->
        <test-method is-config="true" signature="tearDown()[pri:0, instance:testcases.DriverFactoryTest@33d512c1]" started-at="2025-09-08T08:45:14 IST" name="tearDown" finished-at="2025-09-08T08:45:15 IST" duration-ms="248" status="PASS">
          <reporter-output>
          </reporter-output>
        </test-method> <!-- tearDown -->
      </class> <!-- testcases.DriverFactoryTest -->
      <class name="testcases.SortingTest">
        <test-method is-config="true" signature="setup()[pri:0, instance:testcases.SortingTest@229f66ed]" started-at="2025-09-08T08:45:28 IST" name="setup" finished-at="2025-09-08T08:45:30 IST" duration-ms="1769" status="PASS">
          <reporter-output>
          </reporter-output>
        </test-method> <!-- setup -->
        <test-method signature="testSortAZ()[pri:0, instance:testcases.SortingTest@229f66ed]" started-at="2025-09-08T08:45:30 IST" name="testSortAZ" finished-at="2025-09-08T08:45:30 IST" duration-ms="224" status="PASS">
          <reporter-output>
          </reporter-output>
        </test-method> <!-- testSortAZ -->
        <test-method is-config="true" signature="tearDown()[pri:0, instance:testcases.SortingTest@229f66ed]" started-at="2025-09-08T08:45:30 IST" name="tearDown" finished-at="2025-09-08T08:45:32 IST" duration-ms="2344" status="PASS">
          <reporter-output>
          </reporter-output>
        </test-method> <!-- tearDown -->
        <test-method is-config="true" signature="setup()[pri:0, instance:testcases.SortingTest@229f66ed]" started-at="2025-09-08T08:45:32 IST" name="setup" finished-at="2025-09-08T08:45:35 IST" duration-ms="2930" status="PASS">
          <reporter-output>
          </reporter-output>
        </test-method> <!-- setup -->
        <test-method signature="testSortHighToLow()[pri:0, instance:testcases.SortingTest@229f66ed]" started-at="2025-09-08T08:45:35 IST" name="testSortHighToLow" finished-at="2025-09-08T08:45:36 IST" duration-ms="298" status="PASS">
          <reporter-output>
          </reporter-output>
        </test-method> <!-- testSortHighToLow -->
        <test-method is-config="true" signature="tearDown()[pri:0, instance:testcases.SortingTest@229f66ed]" started-at="2025-09-08T08:45:36 IST" name="tearDown" finished-at="2025-09-08T08:45:38 IST" duration-ms="2315" status="PASS">
          <reporter-output>
          </reporter-output>
        </test-method> <!-- tearDown -->
        <test-method is-config="true" signature="setup()[pri:0, instance:testcases.SortingTest@229f66ed]" started-at="2025-09-08T08:45:38 IST" name="setup" finished-at="2025-09-08T08:45:41 IST" duration-ms="3338" status="PASS">
          <reporter-output>
          </reporter-output>
        </test-method> <!-- setup -->
        <test-method signature="testSortLowToHigh()[pri:0, instance:testcases.SortingTest@229f66ed]" started-at="2025-09-08T08:45:41 IST" name="testSortLowToHigh" finished-at="2025-09-08T08:45:42 IST" duration-ms="275" status="PASS">
          <reporter-output>
          </reporter-output>
        </test-method> <!-- testSortLowToHigh -->
        <test-method is-config="true" signature="tearDown()[pri:0, instance:testcases.SortingTest@229f66ed]" started-at="2025-09-08T08:45:42 IST" name="tearDown" finished-at="2025-09-08T08:45:44 IST" duration-ms="2337" status="PASS">
          <reporter-output>
          </reporter-output>
        </test-method> <!-- tearDown -->
        <test-method is-config="true" signature="setup()[pri:0, instance:testcases.SortingTest@229f66ed]" started-at="2025-09-08T08:45:44 IST" name="setup" finished-at="2025-09-08T08:45:47 IST" duration-ms="3123" status="PASS">
          <reporter-output>
          </reporter-output>
        </test-method> <!-- setup -->
        <test-method signature="testSortZA()[pri:0, instance:testcases.SortingTest@229f66ed]" started-at="2025-09-08T08:45:47 IST" name="testSortZA" finished-at="2025-09-08T08:45:47 IST" duration-ms="320" status="PASS">
          <reporter-output>
          </reporter-output>
        </test-method> <!-- testSortZA -->
        <test-method is-config="true" signature="tearDown()[pri:0, instance:testcases.SortingTest@229f66ed]" started-at="2025-09-08T08:45:47 IST" name="tearDown" finished-at="2025-09-08T08:45:50 IST" duration-ms="2314" status="PASS">
          <reporter-output>
          </reporter-output>
        </test-method> <!-- tearDown -->
      </class> <!-- testcases.SortingTest -->
      <class name="testcases.LoginTest">
        <test-method is-config="true" signature="setup()[pri:0, instance:testcases.LoginTest@7dcf94f8]" started-at="2025-09-08T08:45:15 IST" name="setup" finished-at="2025-09-08T08:45:16 IST" duration-ms="1583" status="PASS">
          <reporter-output>
          </reporter-output>
        </test-method> <!-- setup -->
        <test-method signature="testAnotherUserLogin()[pri:0, instance:testcases.LoginTest@7dcf94f8]" started-at="2025-09-08T08:45:16 IST" name="testAnotherUserLogin" finished-at="2025-09-08T08:45:17 IST" duration-ms="597" status="PASS">
          <reporter-output>
          </reporter-output>
        </test-method> <!-- testAnotherUserLogin -->
        <test-method is-config="true" signature="tearDown()[pri:0, instance:testcases.LoginTest@7dcf94f8]" started-at="2025-09-08T08:45:17 IST" name="tearDown" finished-at="2025-09-08T08:45:17 IST" duration-ms="214" status="PASS">
          <reporter-output>
          </reporter-output>
        </test-method> <!-- tearDown -->
        <test-method is-config="true" signature="setup()[pri:0, instance:testcases.LoginTest@7dcf94f8]" started-at="2025-09-08T08:45:17 IST" name="setup" finished-at="2025-09-08T08:45:19 IST" duration-ms="1542" status="PASS">
          <reporter-output>
          </reporter-output>
        </test-method> <!-- setup -->
        <test-method signature="testCorrectUsernameWrongPassword()[pri:0, instance:testcases.LoginTest@7dcf94f8]" started-at="2025-09-08T08:45:19 IST" name="testCorrectUsernameWrongPassword" finished-at="2025-09-08T08:45:19 IST" duration-ms="628" status="PASS">
          <reporter-output>
          </reporter-output>
        </test-method> <!-- testCorrectUsernameWrongPassword -->
        <test-method is-config="true" signature="tearDown()[pri:0, instance:testcases.LoginTest@7dcf94f8]" started-at="2025-09-08T08:45:19 IST" name="tearDown" finished-at="2025-09-08T08:45:19 IST" duration-ms="294" status="PASS">
          <reporter-output>
          </reporter-output>
        </test-method> <!-- tearDown -->
        <test-method is-config="true" signature="setup()[pri:0, instance:testcases.LoginTest@7dcf94f8]" started-at="2025-09-08T08:45:19 IST" name="setup" finished-at="2025-09-08T08:45:21 IST" duration-ms="1584" status="PASS">
          <reporter-output>
          </reporter-output>
        </test-method> <!-- setup -->
        <test-method signature="testInvalidLogin()[pri:0, instance:testcases.LoginTest@7dcf94f8]" started-at="2025-09-08T08:45:21 IST" name="testInvalidLogin" finished-at="2025-09-08T08:45:22 IST" duration-ms="516" status="PASS">
          <reporter-output>
          </reporter-output>
        </test-method> <!-- testInvalidLogin -->
        <test-method is-config="true" signature="tearDown()[pri:0, instance:testcases.LoginTest@7dcf94f8]" started-at="2025-09-08T08:45:22 IST" name="tearDown" finished-at="2025-09-08T08:45:22 IST" duration-ms="219" status="PASS">
          <reporter-output>
          </reporter-output>
        </test-method> <!-- tearDown -->
        <test-method is-config="true" signature="setup()[pri:0, instance:testcases.LoginTest@7dcf94f8]" started-at="2025-09-08T08:45:22 IST" name="setup" finished-at="2025-09-08T08:45:23 IST" duration-ms="1393" status="PASS">
          <reporter-output>
          </reporter-output>
        </test-method> <!-- setup -->
        <test-method signature="testLockedOutUserLogin()[pri:0, instance:testcases.LoginTest@7dcf94f8]" started-at="2025-09-08T08:45:23 IST" name="testLockedOutUserLogin" finished-at="2025-09-08T08:45:24 IST" duration-ms="509" status="PASS">
          <reporter-output>
          </reporter-output>
        </test-method> <!-- testLockedOutUserLogin -->
        <test-method is-config="true" signature="tearDown()[pri:0, instance:testcases.LoginTest@7dcf94f8]" started-at="2025-09-08T08:45:24 IST" name="tearDown" finished-at="2025-09-08T08:45:24 IST" duration-ms="217" status="PASS">
          <reporter-output>
          </reporter-output>
        </test-method> <!-- tearDown -->
        <test-method is-config="true" signature="setup()[pri:0, instance:testcases.LoginTest@7dcf94f8]" started-at="2025-09-08T08:45:24 IST" name="setup" finished-at="2025-09-08T08:45:25 IST" duration-ms="1518" status="PASS">
          <reporter-output>
          </reporter-output>
        </test-method> <!-- setup -->
        <test-method signature="testValidLogin()[pri:0, instance:testcases.LoginTest@7dcf94f8]" started-at="2025-09-08T08:45:25 IST" name="testValidLogin" finished-at="2025-09-08T08:45:26 IST" duration-ms="496" status="PASS">
          <reporter-output>
          </reporter-output>
        </test-method> <!-- testValidLogin -->
        <test-method is-config="true" signature="tearDown()[pri:0, instance:testcases.LoginTest@7dcf94f8]" started-at="2025-09-08T08:45:26 IST" name="tearDown" finished-at="2025-09-08T08:45:26 IST" duration-ms="210" status="PASS">
          <reporter-output>
          </reporter-output>
        </test-method> <!-- tearDown -->
        <test-method is-config="true" signature="setup()[pri:0, instance:testcases.LoginTest@7dcf94f8]" started-at="2025-09-08T08:45:26 IST" name="setup" finished-at="2025-09-08T08:45:27 IST" duration-ms="1320" status="PASS">
          <reporter-output>
          </reporter-output>
        </test-method> <!-- setup -->
        <test-method signature="testWrongUsernameCorrectPassword()[pri:0, instance:testcases.LoginTest@7dcf94f8]" started-at="2025-09-08T08:45:27 IST" name="testWrongUsernameCorrectPassword" finished-at="2025-09-08T08:45:28 IST" duration-ms="483" status="PASS">
          <reporter-output>
          </reporter-output>
        </test-method> <!-- testWrongUsernameCorrectPassword -->
        <test-method is-config="true" signature="tearDown()[pri:0, instance:testcases.LoginTest@7dcf94f8]" started-at="2025-09-08T08:45:28 IST" name="tearDown" finished-at="2025-09-08T08:45:28 IST" duration-ms="205" status="PASS">
          <reporter-output>
          </reporter-output>
        </test-method> <!-- tearDown -->
      </class> <!-- testcases.LoginTest -->
    </test> <!-- SauceDemo Tests -->
  </suite> <!-- SauceDemo Suite -->
</testng-results>
