<?xml version="1.0" encoding="UTF-8"?>
<!-- Generated by org.testng.reporters.JUnitXMLReporter -->
<testsuite ignored="0" hostname="DESKTOP-97LE2J0" failures="1" tests="14" name="SauceDemo Tests" time="57.347" errors="0" timestamp="2025-09-08T08:45:58 IST">
  <testcase classname="testcases.DriverFactoryTest" name="openSauceDemo" time="0.027"/>
  <testcase classname="testcases.LoginTest" name="testAnotherUserLogin" time="0.597"/>
  <testcase classname="testcases.LoginTest" name="testCorrectUsernameWrongPassword" time="0.628"/>
  <testcase classname="testcases.LoginTest" name="testInvalidLogin" time="0.516"/>
  <testcase classname="testcases.LoginTest" name="testLockedOutUserLogin" time="0.509"/>
  <testcase classname="testcases.LoginTest" name="testValidLogin" time="0.496"/>
  <testcase classname="testcases.LoginTest" name="testWrongUsernameCorrectPassword" time="0.483"/>
  <testcase classname="testcases.SortingTest" name="testSortAZ" time="0.224"/>
  <testcase classname="testcases.SortingTest" name="testSortHighToLow" time="0.298"/>
  <testcase classname="testcases.SortingTest" name="testSortLowToHigh" time="0.275"/>
  <testcase classname="testcases.SortingTest" name="testSortZA" time="0.32"/>
  <testcase classname="testcases.CartTest" name="testAddMultipleItems" time="0.511"/>
  <testcase classname="testcases.CartTest" name="testAddSingleItem" time="0.298"/>
  <testcase classname="testcases.CartTest" name="testRemoveSingleItem" time="0.307">
    <failure type="java.lang.AssertionError" message="expected [false] but found [true]">
      <![CDATA[java.lang.AssertionError: expected [false] but found [true]
at testcases.CartTest.testRemoveSingleItem(CartTest.java:47)
at java.base/java.util.ArrayList.forEach(ArrayList.java:1596)
... Removed 29 stack frames]]>
    </failure>
  </testcase> <!-- testRemoveSingleItem -->
</testsuite> <!-- SauceDemo Tests -->
